ComodoClient Object Creation - Starts
Value = false
importCertificateToKeyStore - Starts
executeOSCommand - Starts
keytool -import -noprompt -alias Comodo_High_Assurance -trustcacerts -file /home/auto/vmathu0/qa/ComodoSDK/certs/Comodo_High_Assurance.cer -keystore /home/auto/vmathu0/qa/ComodoSDK/certs/OFFER_REC_SYS_QA_comodo_trustStore.jks -keypass T0ZGRVJf -storepass T0ZGRVJf -storetype JKS
executeOSCommand - Ends
importCertificateToKeyStore - Ends
importCertificateToKeyStore - Starts
executeOSCommand - Starts
keytool -import -noprompt -alias Comodo_High -trustcacerts -file /home/auto/vmathu0/qa/ComodoSDK/certs/Comodo_High.cer -keystore /home/auto/vmathu0/qa/ComodoSDK/certs/OFFER_REC_SYS_QA_comodo_trustStore.jks -keypass T0ZGRVJf -storepass T0ZGRVJf -storetype JKS
executeOSCommand - Ends
importCertificateToKeyStore - Ends
importCertificateToKeyStore - Starts
executeOSCommand - Starts
keytool -import -noprompt -alias addtrustexternalcaroot -trustcacerts -file /home/auto/vmathu0/qa/ComodoSDK/certs/addtrustexternalcaroot.crt -keystore /home/auto/vmathu0/qa/ComodoSDK/certs/OFFER_REC_SYS_QA_comodo_trustStore.jks -keypass T0ZGRVJf -storepass T0ZGRVJf -storetype JKS
executeOSCommand - Ends
importCertificateToKeyStore - Ends
importCertificateToKeyStore - Starts
executeOSCommand - Starts
keytool -import -noprompt -alias comodorsaaddtrustca -trustcacerts -file /home/auto/vmathu0/qa/ComodoSDK/certs/comodorsaaddtrustca.crt -keystore /home/auto/vmathu0/qa/ComodoSDK/certs/OFFER_REC_SYS_QA_comodo_trustStore.jks -keypass T0ZGRVJf -storepass T0ZGRVJf -storetype JKS
executeOSCommand - Ends
importCertificateToKeyStore - Ends
importCertificateToKeyStore - Starts
executeOSCommand - Starts
keytool -import -noprompt -alias comodorsaorganizationvalidationsecureserverca -trustcacerts -file /home/auto/vmathu0/qa/ComodoSDK/certs/comodorsaorganizationvalidationsecureserverca.crt -keystore /home/auto/vmathu0/qa/ComodoSDK/certs/OFFER_REC_SYS_QA_comodo_trustStore.jks -keypass T0ZGRVJf -storepass T0ZGRVJf -storetype JKS
executeOSCommand - Ends
importCertificateToKeyStore - Ends
ComodoClient Object Creation - Ends
doAll - Starts
generateAndSubmitForSigning - Starts
generatePrivateKeyStoreAndCSR - Starts
executeOSCommand - Starts
keytool -genkey -alias offer.rec.sys.qa.searshc.com -keyalg RSA -keysize 2048 -sigalg SHA256withRSA -validity 365 -keystore /home/auto/vmathu0/qa/ComodoSDK/certs/OFFER_REC_SYS_QA_keyStore.jks -storetype JKS -dname CN=offer.rec.sys.qa.searshc.com -storepass T0ZGRVJf -keypass T0ZGRVJf
executeOSCommand - Ends
PrivateKey has been added to /home/auto/vmathu0/qa/ComodoSDK/certs/OFFER_REC_SYS_QA_keyStore.jks
importCertificateToKeyStore - Starts
executeOSCommand - Starts
keytool -import -noprompt -alias Comodo_Intermediates_Root -trustcacerts -file /home/auto/vmathu0/qa/ComodoSDK/certs/Comodo_Intermediates_Root.cer -keystore /home/auto/vmathu0/qa/ComodoSDK/certs/OFFER_REC_SYS_QA_keyStore.jks -keypass T0ZGRVJf -storepass T0ZGRVJf -storetype JKS
executeOSCommand - Ends
importCertificateToKeyStore - Ends
executeOSCommand - Starts
keytool -certreq -keyalg RSA -file /home/auto/vmathu0/qa/ComodoSDK/certs/OFFER_REC_SYS_QA.csr -alias offer.rec.sys.qa.searshc.com -keystore /home/auto/vmathu0/qa/ComodoSDK/certs/OFFER_REC_SYS_QA_keyStore.jks -storepass T0ZGRVJf -keypass T0ZGRVJf -storetype JKS
executeOSCommand - Ends
/home/auto/vmathu0/qa/ComodoSDK/certs/OFFER_REC_SYS_QA.csr has been created
generatePrivateKeyStoreAndCSR - Ends
submitCsrToComodo - Starts
getFileContent - Starts
-----BEGIN NEW CERTIFICATE REQUEST-----MIICnDCCAYQCAQAwJzElMCMGA1UEAxMcb2ZmZXIucmVjLnN5cy5xYS5zZWFyc2hjLmNvbTCCASIwDQYJKoZIhvcNAQEBBQADggEPADCCAQoCggEBAJLOzBeI5DVwCBSJU3ezOM96VO8ffTJc9K5J/isOBoHIPLkhk3KCJcSaAhAReYwZrnK7dvf24w3ZRh16H0s7tGOCPSycr3YwuqAJMoA7CW23U+g7yTxWLVGx9ksnis55RY2DoKFideYZq/JXiwo/2lN5iRYZYDJVG44kiCNo4iaNISGsgNwcJ7i2PpMK9QRtApK2BEvF72SMC6r07GmqIrq36+b0eu/01zmwrZVehVY3f7fIhKha63NqZex8C8R2cbQM1yxGfON9FgU/PPrV6ndJvqnZe02e0RQJFe470Rg6qBTybYuTXubVH58pkREi6C+LBKHhZnJZJiNhoEiRcv0CAwEAAaAwMC4GCSqGSIb3DQEJDjEhMB8wHQYDVR0OBBYEFNdLbtpru5R3oB9tvifYl6FE+ZuhMA0GCSqGSIb3DQEBCwUAA4IBAQAcI+zJ6u+DVzhT/h12DqPa3x+mcY8Vl6XaQ2Y6H4+9ndMPbV0HEgJCGf0J9Q8u1g2/mietK9AgoNhBuhAtn9Egt+0cuqz1CuKMp6nXCIO4ZvHr4kNnABw9wwt8i58GfyZLY36ssneWzAPcbT0595xN5cxcQvwgZ+20VH7cijtQ6L+sy8+tMudJ5s/RB+nnVBviuJgFxSuKdT9L1dze64sFBXM7mYCjqgoS4iHgDCxqJsn0oNj+aq7khQVWYvrsowgh0/X7LGGwf6YIJwT1FDH+UTmMfhL9rgDBFKa7dSLKbnhw1A09pXo5AXJT/0AJT0fji+BKtARYVR5977Anw0dp-----END NEW CERTIFICATE REQUEST-----
getFileContent -- Ends
httpPost - Starts
HTTP URL :https://cert-manager.com/ws/EPKIManagerSSL
ContentType :text/xml
HeaderType :SOAPAction
HeaderValue :https://cert-manager.com/ws/EPKIManagerSSL/enroll
Post Content :<?xml version="1.0" encoding="UTF-8"?><soapenv:Envelope xmlns:soapenv="http://schemas.xmlsoap.org/soap/envelope/" xmlns:ssl="http://ssl.ws.epki.comodo.com/"><soapenv:Header/><soapenv:Body><ssl:enroll><authData><customerLoginUri>sears</customerLoginUri><login>OfferRecommSrvc</login><password>ORSTeam@1</password></authData><orgId>5898</orgId><secretKey>a3YRo13ka1cmeytoH8ql</secretKey><csr>-----BEGIN NEW CERTIFICATE REQUEST-----MIICnDCCAYQCAQAwJzElMCMGA1UEAxMcb2ZmZXIucmVjLnN5cy5xYS5zZWFyc2hjLmNvbTCCASIwDQYJKoZIhvcNAQEBBQADggEPADCCAQoCggEBAJLOzBeI5DVwCBSJU3ezOM96VO8ffTJc9K5J/isOBoHIPLkhk3KCJcSaAhAReYwZrnK7dvf24w3ZRh16H0s7tGOCPSycr3YwuqAJMoA7CW23U+g7yTxWLVGx9ksnis55RY2DoKFideYZq/JXiwo/2lN5iRYZYDJVG44kiCNo4iaNISGsgNwcJ7i2PpMK9QRtApK2BEvF72SMC6r07GmqIrq36+b0eu/01zmwrZVehVY3f7fIhKha63NqZex8C8R2cbQM1yxGfON9FgU/PPrV6ndJvqnZe02e0RQJFe470Rg6qBTybYuTXubVH58pkREi6C+LBKHhZnJZJiNhoEiRcv0CAwEAAaAwMC4GCSqGSIb3DQEJDjEhMB8wHQYDVR0OBBYEFNdLbtpru5R3oB9tvifYl6FE+ZuhMA0GCSqGSIb3DQEBCwUAA4IBAQAcI+zJ6u+DVzhT/h12DqPa3x+mcY8Vl6XaQ2Y6H4+9ndMPbV0HEgJCGf0J9Q8u1g2/mietK9AgoNhBuhAtn9Egt+0cuqz1CuKMp6nXCIO4ZvHr4kNnABw9wwt8i58GfyZLY36ssneWzAPcbT0595xN5cxcQvwgZ+20VH7cijtQ6L+sy8+tMudJ5s/RB+nnVBviuJgFxSuKdT9L1dze64sFBXM7mYCjqgoS4iHgDCxqJsn0oNj+aq7khQVWYvrsowgh0/X7LGGwf6YIJwT1FDH+UTmMfhL9rgDBFKa7dSLKbnhw1A09pXo5AXJT/0AJT0fji+BKtARYVR5977Anw0dp-----END NEW CERTIFICATE REQUEST-----</csr><phrase>T0ZGRVJf</phrase><subjAltNames>offer.rec.sys.qa.searshc.com</subjAltNames><certType><id>138</id><name>EliteSSL Certificate</name><terms>1</terms></certType><numberServers>1</numberServers><serverType>10</serverType><term>1</term><comments>offer.rec.sys.qa.searshc.com Certificate</comments></ssl:enroll></soapenv:Body></soapenv:Envelope>
Adding delay before making HTTP call - Starts
Adding delay before making HTTP call - Ends
Going wiht default CipherSocketFactory
Response = <?xml version='1.0' encoding='UTF-8'?><S:Envelope xmlns:S="http://schemas.xmlsoap.org/soap/envelope/"><S:Body><ns2:enrollResponse xmlns:ns2="http://ssl.ws.epki.comodo.com/"><return>640583</return></ns2:enrollResponse></S:Body></S:Envelope>
httpPost - Ends
CSR Status640583
submitCsrToComodo - Ends
CSR Submit Status / Certificate ID = 640583
generateAndSubmitForSigning - Ends
downloadCertificateAndRegister - Starts
getCSRStatus - Starts
httpPost - Starts
HTTP URL :https://cert-manager.com/ws/EPKIManagerSSL
ContentType :text/xml
HeaderType :SOAPAction
HeaderValue :https://cert-manager.com/ws/EPKIManagerSSL/getCollectStatus
Post Content :<?xml version="1.0" encoding="UTF-8"?><soapenv:Envelope xmlns:soapenv="http://schemas.xmlsoap.org/soap/envelope/" xmlns:ssl="http://ssl.ws.epki.comodo.com/"><soapenv:Header/><soapenv:Body><ssl:getCollectStatus><authData><customerLoginUri>sears</customerLoginUri><login>OfferRecommSrvc</login><password>ORSTeam@1</password></authData><id>640583</id></ssl:getCollectStatus></soapenv:Body></soapenv:Envelope>
Adding delay before making HTTP call - Starts
Adding delay before making HTTP call - Ends
Going wiht default CipherSocketFactory
Response = <?xml version='1.0' encoding='UTF-8'?><S:Envelope xmlns:S="http://schemas.xmlsoap.org/soap/envelope/"><S:Body><ns2:getCollectStatusResponse xmlns:ns2="http://ssl.ws.epki.comodo.com/"><return>0</return></ns2:getCollectStatusResponse></S:Body></S:Envelope>
httpPost - Ends
Status = 0
getCSRStatus - Ends
Will re-try after 60 seconds
getCSRStatus - Starts
httpPost - Starts
HTTP URL :https://cert-manager.com/ws/EPKIManagerSSL
ContentType :text/xml
HeaderType :SOAPAction
HeaderValue :https://cert-manager.com/ws/EPKIManagerSSL/getCollectStatus
Post Content :<?xml version="1.0" encoding="UTF-8"?><soapenv:Envelope xmlns:soapenv="http://schemas.xmlsoap.org/soap/envelope/" xmlns:ssl="http://ssl.ws.epki.comodo.com/"><soapenv:Header/><soapenv:Body><ssl:getCollectStatus><authData><customerLoginUri>sears</customerLoginUri><login>OfferRecommSrvc</login><password>ORSTeam@1</password></authData><id>640583</id></ssl:getCollectStatus></soapenv:Body></soapenv:Envelope>
Adding delay before making HTTP call - Starts
Adding delay before making HTTP call - Ends
Going wiht default CipherSocketFactory
Response = <?xml version='1.0' encoding='UTF-8'?><S:Envelope xmlns:S="http://schemas.xmlsoap.org/soap/envelope/"><S:Body><ns2:getCollectStatusResponse xmlns:ns2="http://ssl.ws.epki.comodo.com/"><return>0</return></ns2:getCollectStatusResponse></S:Body></S:Envelope>
httpPost - Ends
Status = 0
getCSRStatus - Ends
Will re-try after 60 seconds
getCSRStatus - Starts
httpPost - Starts
HTTP URL :https://cert-manager.com/ws/EPKIManagerSSL
ContentType :text/xml
HeaderType :SOAPAction
HeaderValue :https://cert-manager.com/ws/EPKIManagerSSL/getCollectStatus
Post Content :<?xml version="1.0" encoding="UTF-8"?><soapenv:Envelope xmlns:soapenv="http://schemas.xmlsoap.org/soap/envelope/" xmlns:ssl="http://ssl.ws.epki.comodo.com/"><soapenv:Header/><soapenv:Body><ssl:getCollectStatus><authData><customerLoginUri>sears</customerLoginUri><login>OfferRecommSrvc</login><password>ORSTeam@1</password></authData><id>640583</id></ssl:getCollectStatus></soapenv:Body></soapenv:Envelope>
Adding delay before making HTTP call - Starts
Adding delay before making HTTP call - Ends
Going wiht default CipherSocketFactory
Response = <?xml version='1.0' encoding='UTF-8'?><S:Envelope xmlns:S="http://schemas.xmlsoap.org/soap/envelope/"><S:Body><ns2:getCollectStatusResponse xmlns:ns2="http://ssl.ws.epki.comodo.com/"><return>0</return></ns2:getCollectStatusResponse></S:Body></S:Envelope>
httpPost - Ends
Status = 0
getCSRStatus - Ends
Will re-try after 60 seconds
getCSRStatus - Starts
httpPost - Starts
HTTP URL :https://cert-manager.com/ws/EPKIManagerSSL
ContentType :text/xml
HeaderType :SOAPAction
HeaderValue :https://cert-manager.com/ws/EPKIManagerSSL/getCollectStatus
Post Content :<?xml version="1.0" encoding="UTF-8"?><soapenv:Envelope xmlns:soapenv="http://schemas.xmlsoap.org/soap/envelope/" xmlns:ssl="http://ssl.ws.epki.comodo.com/"><soapenv:Header/><soapenv:Body><ssl:getCollectStatus><authData><customerLoginUri>sears</customerLoginUri><login>OfferRecommSrvc</login><password>ORSTeam@1</password></authData><id>640583</id></ssl:getCollectStatus></soapenv:Body></soapenv:Envelope>
Adding delay before making HTTP call - Starts
Adding delay before making HTTP call - Ends
Going wiht default CipherSocketFactory
Response = <?xml version='1.0' encoding='UTF-8'?><S:Envelope xmlns:S="http://schemas.xmlsoap.org/soap/envelope/"><S:Body><ns2:getCollectStatusResponse xmlns:ns2="http://ssl.ws.epki.comodo.com/"><return>1</return></ns2:getCollectStatusResponse></S:Body></S:Envelope>
httpPost - Ends
Status = 1
getCSRStatus - Ends
collectCert - Starts
httpPost - Starts
HTTP URL :https://cert-manager.com/ws/EPKIManagerSSL
ContentType :text/xml
HeaderType :SOAPAction
HeaderValue :https://cert-manager.com/ws/EPKIManagerSSL/collect
Post Content :<?xml version="1.0" encoding="UTF-8"?><soapenv:Envelope xmlns:soapenv="http://schemas.xmlsoap.org/soap/envelope/" xmlns:ssl="http://ssl.ws.epki.comodo.com/"><soapenv:Header/><soapenv:Body><ssl:collect><authData><customerLoginUri>sears</customerLoginUri><login>OfferRecommSrvc</login><password>ORSTeam@1</password></authData><id>640583</id><formatType>0</formatType></ssl:collect></soapenv:Body></soapenv:Envelope>
Adding delay before making HTTP call - Starts
Adding delay before making HTTP call - Ends
Going wiht default CipherSocketFactory
Response = <?xml version='1.0' encoding='UTF-8'?><S:Envelope xmlns:S="http://schemas.xmlsoap.org/soap/envelope/"><S:Body><ns2:collectResponse xmlns:ns2="http://ssl.ws.epki.comodo.com/"><return><statusCode>2</statusCode><SSL><certificate>-----BEGIN CERTIFICATE-----
MIIENjCCAx6gAwIBAgIBATANBgkqhkiG9w0BAQUFADBvMQswCQYDVQQGEwJTRTEU
MBIGA1UEChMLQWRkVHJ1c3QgQUIxJjAkBgNVBAsTHUFkZFRydXN0IEV4dGVybmFs
IFRUUCBOZXR3b3JrMSIwIAYDVQQDExlBZGRUcnVzdCBFeHRlcm5hbCBDQSBSb290
MB4XDTAwMDUzMDEwNDgzOFoXDTIwMDUzMDEwNDgzOFowbzELMAkGA1UEBhMCU0Ux
FDASBgNVBAoTC0FkZFRydXN0IEFCMSYwJAYDVQQLEx1BZGRUcnVzdCBFeHRlcm5h
bCBUVFAgTmV0d29yazEiMCAGA1UEAxMZQWRkVHJ1c3QgRXh0ZXJuYWwgQ0EgUm9v
dDCCASIwDQYJKoZIhvcNAQEBBQADggEPADCCAQoCggEBALf3GjPm8gAELTngTlvt
H7xsD821+iO2zt6bETOXpClMfZOfvUq8k+0DGuOPz+VtUFrWlymUWoCwSXrbLpX9
uMq/NzgtHj6RQa1wVsfwTz/oMp50ysiQVOnGXw94nZpAPA6sYapeFI+eh6FqUNzX
mk6vBbOmcZSccbNQYArHE504B4YCqOmoaSYYkKtMsE8jqzpPhNjfzp/haW+710LX
a0Tkx63ubUFfclpxCDezeWWkWaCUN/cALw3CknLa0Dhy2xSoRcRdKn23tNbE7qzN
E0S3ySvdQwAl+mG5aWpYIxG3pzOPVnVZ9c0p10a3CitlttNCbxWyuHv77+ldU9U0
WicCAwEAAaOB3DCB2TAdBgNVHQ4EFgQUrb2YejS0Jvf6xCZU7wO94CTLVBowCwYD
VR0PBAQDAgEGMA8GA1UdEwEB/wQFMAMBAf8wgZkGA1UdIwSBkTCBjoAUrb2YejS0
Jvf6xCZU7wO94CTLVBqhc6RxMG8xCzAJBgNVBAYTAlNFMRQwEgYDVQQKEwtBZGRU
cnVzdCBBQjEmMCQGA1UECxMdQWRkVHJ1c3QgRXh0ZXJuYWwgVFRQIE5ldHdvcmsx
IjAgBgNVBAMTGUFkZFRydXN0IEV4dGVybmFsIENBIFJvb3SCAQEwDQYJKoZIhvcN
AQEFBQADggEBALCb4IUlwtYj4g+WBpKdQZic2YR5gdkeWxQHIzZlj7DYd7usQWxH
YINRsPkyPef89iYTx4AWpb9a/IfPeHmJIZriTAcKhjW88t5RxNKWt9x+Tu5w/Rw5
6wwCURQtjr0W4MHfRnXnJK3s9EK0hZNwEGe6nQY1ShjTK3rMUUKhemPR5ruhxSvC
Nr4TDea9Y355e6cJDUCrat2PisP29owaQgVR1EX1n6diIWgVIEM8med8vSTYqZEX
c4g/VhsxOBi0cQ+azcgOno4uG+GMmIPLHzHxREzGBHNJdmAPx/i9F4BrLunMTA5a
mnkPIAou1Z5jJh5VkpTYghdae9C8x49OhgQ=
-----END CERTIFICATE-----
-----BEGIN CERTIFICATE-----
MIIFdDCCBFygAwIBAgIQJ2buVutJ846r13Ci/ITeIjANBgkqhkiG9w0BAQwFADBv
MQswCQYDVQQGEwJTRTEUMBIGA1UEChMLQWRkVHJ1c3QgQUIxJjAkBgNVBAsTHUFk
ZFRydXN0IEV4dGVybmFsIFRUUCBOZXR3b3JrMSIwIAYDVQQDExlBZGRUcnVzdCBF
eHRlcm5hbCBDQSBSb290MB4XDTAwMDUzMDEwNDgzOFoXDTIwMDUzMDEwNDgzOFow
gYUxCzAJBgNVBAYTAkdCMRswGQYDVQQIExJHcmVhdGVyIE1hbmNoZXN0ZXIxEDAO
BgNVBAcTB1NhbGZvcmQxGjAYBgNVBAoTEUNPTU9ETyBDQSBMaW1pdGVkMSswKQYD
VQQDEyJDT01PRE8gUlNBIENlcnRpZmljYXRpb24gQXV0aG9yaXR5MIICIjANBgkq
hkiG9w0BAQEFAAOCAg8AMIICCgKCAgEAkehUktIKVrGsDSTdxc9EZ3SZKzejfSNw
AHG8U9/E+ioSj0t/EFa9n3Byt2F/yUsPF6c947AEYe7/EZfH9IY+Cvo+XPmT5jR6
2RRr55yzhaCCenavcZDX7P0N+pxs+t+wgvQUfvm+xKYvT3+Zf7X8Z0NyvQwA1onr
ayzT7Y+YHBSrfuXjbvzYqOSSJNpDa2K4Vf3qwbxstovzDo2a5JtsaZn4eEgwRdWt
4Q08RWD8MpZRJ7xnw8outmvqRsfHIKCxH2XeSAi6pE6p8oNGN4Tr6MyBSENnTnIq
m1y9TBsoilwie7SrmNnu4FGDwwlGTm0+mfqVF9p8M1dBPI1R7Qu2XK8sYxrfV8g/
vOldxJuvRZnio1oktLqpVj3Pb6r/SVi+8Kj/9Lit6Tf7urj0Czr56ENCHonYhMsT
8dm74YlguIwoVqwUHZwK53Hrzw7dPamWoUi9PPevtQ0iTMARgexWO/bTouJbt7IE
IlKVgJNp6I5MZfGRAy1wdALqi2cVKWlSArvX31BqVUa/oKMoYX9w0MOiqiwhqkfO
KJwGRXa/ghgntNWutMtQ5mv0TIZxMOmm3xaG4Nj/QN370EKIf6MzOi5cHkERgWPO
GHFrK+ymircxXDpqR+DDeVnWIBqv8mqYqnK8V0rSS527EPywTEHl7R09XiidnMy/
s1Hap0flhFMCAwEAAaOB9DCB8TAfBgNVHSMEGDAWgBStvZh6NLQm9/rEJlTvA73g
JMtUGjAdBgNVHQ4EFgQUu69+Aj36pvE8hI6t7jiY7NkyMtQwDgYDVR0PAQH/BAQD
AgGGMA8GA1UdEwEB/wQFMAMBAf8wEQYDVR0gBAowCDAGBgRVHSAAMEQGA1UdHwQ9
MDswOaA3oDWGM2h0dHA6Ly9jcmwudXNlcnRydXN0LmNvbS9BZGRUcnVzdEV4dGVy
bmFsQ0FSb290LmNybDA1BggrBgEFBQcBAQQpMCcwJQYIKwYBBQUHMAGGGWh0dHA6
Ly9vY3NwLnVzZXJ0cnVzdC5jb20wDQYJKoZIhvcNAQEMBQADggEBAGS/g/FfmoXQ
zbihKVcN6Fr30ek+8nYEbvFScLsePP9NDXRqzIGCJdPDoCpdTPW6i6FtxFQJdcfj
Jw5dhHk3QBN39bSsHNA7qxcS1u80GH4r6XnTq1dFDK8o+tDb5VCViLvfhVdpfZLY
Uspzgb8c8+a4bmYRBbMelC1/kZWSWfFMzqORcUx8Rww7Cxn2obFshj5cqsQugsv5
B5a6SE2Q8pTIqXOi6wZ7I53eovNNVZ96YUWYGGjHXkBrI/V5eu+MtWuLt29G9Hvx
PUsE2JOAWVrgQSQdso8VYFhH2+9uRv0V9dlfmrPb2LjkQLPNlzmuhbsdjrzch5vR
pu/xO28QOG8=
-----END CERTIFICATE-----
-----BEGIN CERTIFICATE-----
MIIGDjCCA/agAwIBAgIQNoJef7WkgZN+9tFza7k8pjANBgkqhkiG9w0BAQwFADCB
hTELMAkGA1UEBhMCR0IxGzAZBgNVBAgTEkdyZWF0ZXIgTWFuY2hlc3RlcjEQMA4G
A1UEBxMHU2FsZm9yZDEaMBgGA1UEChMRQ09NT0RPIENBIExpbWl0ZWQxKzApBgNV
BAMTIkNPTU9ETyBSU0EgQ2VydGlmaWNhdGlvbiBBdXRob3JpdHkwHhcNMTQwMjEy
MDAwMDAwWhcNMjkwMjExMjM1OTU5WjCBljELMAkGA1UEBhMCR0IxGzAZBgNVBAgT
EkdyZWF0ZXIgTWFuY2hlc3RlcjEQMA4GA1UEBxMHU2FsZm9yZDEaMBgGA1UEChMR
Q09NT0RPIENBIExpbWl0ZWQxPDA6BgNVBAMTM0NPTU9ETyBSU0EgT3JnYW5pemF0
aW9uIFZhbGlkYXRpb24gU2VjdXJlIFNlcnZlciBDQTCCASIwDQYJKoZIhvcNAQEB
BQADggEPADCCAQoCggEBALkU2YXyQURX/zBEHtw8RKMXuG4B+KNfwqkhHc5Z9Ozz
iKkJMjyxi2OkPic284/5OGYuB5dBj0um3cNfnnM858ogDU98MgXPwS5IZUqF0B9W
MW2O5cYy1Bu8n32W/JjXT/j0WFb440W+kRiC5Iq+r81SN1GHTx6Xweg6rvn/RuRl
Pz/DR4MvzLhCXi1+91porl1LwKY1IfWGo8hJi5hjYA3JIUjCkjBlRrKGNQRCJX6t
p05LEkAAeohoXG+fo6R4ESGuPQsOvkUUI8/rddf2oPG8RWxevKEy7PNYeEIoCzoB
dvDFoJ7BaXDej0umed/ydrbjDxN8GDuxUWxqIDnOnmkCAwEAAaOCAWUwggFhMB8G
A1UdIwQYMBaAFLuvfgI9+qbxPISOre44mOzZMjLUMB0GA1UdDgQWBBSa8yvaz61P
ti+7KkhIKhK3G0LBJDAOBgNVHQ8BAf8EBAMCAYYwEgYDVR0TAQH/BAgwBgEB/wIB
ADAdBgNVHSUEFjAUBggrBgEFBQcDAQYIKwYBBQUHAwIwGwYDVR0gBBQwEjAGBgRV
HSAAMAgGBmeBDAECAjBMBgNVHR8ERTBDMEGgP6A9hjtodHRwOi8vY3JsLmNvbW9k
b2NhLmNvbS9DT01PRE9SU0FDZXJ0aWZpY2F0aW9uQXV0aG9yaXR5LmNybDBxBggr
BgEFBQcBAQRlMGMwOwYIKwYBBQUHMAKGL2h0dHA6Ly9jcnQuY29tb2RvY2EuY29t
L0NPTU9ET1JTQUFkZFRydXN0Q0EuY3J0MCQGCCsGAQUFBzABhhhodHRwOi8vb2Nz
cC5jb21vZG9jYS5jb20wDQYJKoZIhvcNAQEMBQADggIBAGmKNmiaHjtlC+B8z6ar
cTuvYaQ/5GQBSRDTHY/i1e1n055bl71CHgf50Ltt9zKVWiIpYvgMnFlWJzagIhIR
+kf0UclZeylKpUg1fMWXZuAnJTsVejJ1SpH7pmue4lP6DYwT+yO4CxIsru3bHUeQ
1dCTaXaROBU01xjqfrxrWN4qOZADRARKVtho5fV8aX6efVRL0NiGq2dmE1deiSoX
rS2uvUAOZu2K/1S0wQHLqeBHuhFhj62uI0gqxiV5iRxBBJXAEepXK9a0l/qx6RVi
7Epxd/3zoZza9msAKcUy5/pO6rMqpxiXHFinQjZf7BTP+HsO993MiBWamlzI8SDH
0YZyoRebrrr+bKgy0QB2SXP3PyeHPLbJLfqqkJDJCgmfyWkfBxmpv966+AuIgkQW
EH8HwIAiX3+8MN66zQd5ZFbY//NPnDC7bh5RS+bNvRfExb/IP46xH4pGtwZDb2It
z1GdRcqK6ROLwMeRvlu2+jdKif7wndoTJiIsBpA+ixOYoBnW3dpKSH89D4mdJHJL
DntE/9Q2toN2I1iLFGy4XfdhbTl27d0SPWuHiJeRvsBGAh52HN22r1xP9QDWnE2p
4J6ijvyxFnlcIdNFgZoMOWxtKNcl0rcRkND23m9e9Pqki2Z3ci+bkEAsUhJg+f+1
cC6JmnkJiYEt7Fx4b4GH8fxV
-----END CERTIFICATE-----
-----BEGIN CERTIFICATE-----
MIIFyDCCBLCgAwIBAgIQY/P9OYAmzcrFZ+6vqK4jejANBgkqhkiG9w0BAQsFADCB
ljELMAkGA1UEBhMCR0IxGzAZBgNVBAgTEkdyZWF0ZXIgTWFuY2hlc3RlcjEQMA4G
A1UEBxMHU2FsZm9yZDEaMBgGA1UEChMRQ09NT0RPIENBIExpbWl0ZWQxPDA6BgNV
BAMTM0NPTU9ETyBSU0EgT3JnYW5pemF0aW9uIFZhbGlkYXRpb24gU2VjdXJlIFNl
cnZlciBDQTAeFw0xNjA5MTQwMDAwMDBaFw0xNzA5MTQyMzU5NTlaMIG+MQswCQYD
VQQGEwJVUzERMA8GA1UECBMISWxsaW5vaXMxGDAWBgNVBAcTD0hvZmZtYW4gRXN0
YXRlczEZMBcGA1UEChMQU2VhcnMgQnJhbmRzIExMQzEtMCsGA1UECxMkMzc5Njkg
LSBPZmZlciBSZWNvbW1lbmRhdGlvbiBTZXJ2aWNlMREwDwYDVQQLEwhFbGl0ZVNT
TDElMCMGA1UEAxMcb2ZmZXIucmVjLnN5cy5xYS5zZWFyc2hjLmNvbTCCASIwDQYJ
KoZIhvcNAQEBBQADggEPADCCAQoCggEBAJLOzBeI5DVwCBSJU3ezOM96VO8ffTJc
9K5J/isOBoHIPLkhk3KCJcSaAhAReYwZrnK7dvf24w3ZRh16H0s7tGOCPSycr3Yw
uqAJMoA7CW23U+g7yTxWLVGx9ksnis55RY2DoKFideYZq/JXiwo/2lN5iRYZYDJV
G44kiCNo4iaNISGsgNwcJ7i2PpMK9QRtApK2BEvF72SMC6r07GmqIrq36+b0eu/0
1zmwrZVehVY3f7fIhKha63NqZex8C8R2cbQM1yxGfON9FgU/PPrV6ndJvqnZe02e
0RQJFe470Rg6qBTybYuTXubVH58pkREi6C+LBKHhZnJZJiNhoEiRcv0CAwEAAaOC
AeYwggHiMB8GA1UdIwQYMBaAFJrzK9rPrU+2L7sqSEgqErcbQsEkMB0GA1UdDgQW
BBTXS27aa7uUd6Afbb4n2JehRPmboTAOBgNVHQ8BAf8EBAMCBaAwDAYDVR0TAQH/
BAIwADAdBgNVHSUEFjAUBggrBgEFBQcDAQYIKwYBBQUHAwIwUAYDVR0gBEkwRzA7
BgwrBgEEAbIxAQIBAwQwKzApBggrBgEFBQcCARYdaHR0cHM6Ly9zZWN1cmUuY29t
b2RvLmNvbS9DUFMwCAYGZ4EMAQICMFoGA1UdHwRTMFEwT6BNoEuGSWh0dHA6Ly9j
cmwuY29tb2RvY2EuY29tL0NPTU9ET1JTQU9yZ2FuaXphdGlvblZhbGlkYXRpb25T
ZWN1cmVTZXJ2ZXJDQS5jcmwwgYsGCCsGAQUFBwEBBH8wfTBVBggrBgEFBQcwAoZJ
aHR0cDovL2NydC5jb21vZG9jYS5jb20vQ09NT0RPUlNBT3JnYW5pemF0aW9uVmFs
aWRhdGlvblNlY3VyZVNlcnZlckNBLmNydDAkBggrBgEFBQcwAYYYaHR0cDovL29j
c3AuY29tb2RvY2EuY29tMCcGA1UdEQQgMB6CHG9mZmVyLnJlYy5zeXMucWEuc2Vh
cnNoYy5jb20wDQYJKoZIhvcNAQELBQADggEBALM2mfUthixSiKOsgeAL4lNbRjAZ
KMaUxeZMPHpk7D/g9u/goctoTfB4bvmA0fmmxYzGmUck8B/ti7lvIfXWcbWB/6mt
G4lJFZUMxuCthsodOYNloiO9a4P+XKt0qSCY38jsaOF0rR4M4Z8hXJRQNBD6Tcso
EViaZDmHuHE/NIYKKlyXnvuVNwDUq9+DIMRPJJnzXIWh6803GN5+tjyJsfVgWXOT
1M0abu8CngySm82PeimuUozUeoXgWuivbGKcpH6yGFQJ/afFgvYnn7mOY9/TKYJg
dX4paRQvMpjyA7arK1/lJ0gkj+ahNegCJ9GtJvLLWVmTV0s5OXxvz9xdx0o=
-----END CERTIFICATE-----</certificate><renewID>qQAPjUUQMyqyKnqgLa41</renewID></SSL></return></ns2:collectResponse></S:Body></S:Envelope>
httpPost - Ends
Certificate
-----BEGIN CERTIFICATE-----
MIIENjCCAx6gAwIBAgIBATANBgkqhkiG9w0BAQUFADBvMQswCQYDVQQGEwJTRTEU
MBIGA1UEChMLQWRkVHJ1c3QgQUIxJjAkBgNVBAsTHUFkZFRydXN0IEV4dGVybmFs
IFRUUCBOZXR3b3JrMSIwIAYDVQQDExlBZGRUcnVzdCBFeHRlcm5hbCBDQSBSb290
MB4XDTAwMDUzMDEwNDgzOFoXDTIwMDUzMDEwNDgzOFowbzELMAkGA1UEBhMCU0Ux
FDASBgNVBAoTC0FkZFRydXN0IEFCMSYwJAYDVQQLEx1BZGRUcnVzdCBFeHRlcm5h
bCBUVFAgTmV0d29yazEiMCAGA1UEAxMZQWRkVHJ1c3QgRXh0ZXJuYWwgQ0EgUm9v
dDCCASIwDQYJKoZIhvcNAQEBBQADggEPADCCAQoCggEBALf3GjPm8gAELTngTlvt
H7xsD821+iO2zt6bETOXpClMfZOfvUq8k+0DGuOPz+VtUFrWlymUWoCwSXrbLpX9
uMq/NzgtHj6RQa1wVsfwTz/oMp50ysiQVOnGXw94nZpAPA6sYapeFI+eh6FqUNzX
mk6vBbOmcZSccbNQYArHE504B4YCqOmoaSYYkKtMsE8jqzpPhNjfzp/haW+710LX
a0Tkx63ubUFfclpxCDezeWWkWaCUN/cALw3CknLa0Dhy2xSoRcRdKn23tNbE7qzN
E0S3ySvdQwAl+mG5aWpYIxG3pzOPVnVZ9c0p10a3CitlttNCbxWyuHv77+ldU9U0
WicCAwEAAaOB3DCB2TAdBgNVHQ4EFgQUrb2YejS0Jvf6xCZU7wO94CTLVBowCwYD
VR0PBAQDAgEGMA8GA1UdEwEB/wQFMAMBAf8wgZkGA1UdIwSBkTCBjoAUrb2YejS0
Jvf6xCZU7wO94CTLVBqhc6RxMG8xCzAJBgNVBAYTAlNFMRQwEgYDVQQKEwtBZGRU
cnVzdCBBQjEmMCQGA1UECxMdQWRkVHJ1c3QgRXh0ZXJuYWwgVFRQIE5ldHdvcmsx
IjAgBgNVBAMTGUFkZFRydXN0IEV4dGVybmFsIENBIFJvb3SCAQEwDQYJKoZIhvcN
AQEFBQADggEBALCb4IUlwtYj4g+WBpKdQZic2YR5gdkeWxQHIzZlj7DYd7usQWxH
YINRsPkyPef89iYTx4AWpb9a/IfPeHmJIZriTAcKhjW88t5RxNKWt9x+Tu5w/Rw5
6wwCURQtjr0W4MHfRnXnJK3s9EK0hZNwEGe6nQY1ShjTK3rMUUKhemPR5ruhxSvC
Nr4TDea9Y355e6cJDUCrat2PisP29owaQgVR1EX1n6diIWgVIEM8med8vSTYqZEX
c4g/VhsxOBi0cQ+azcgOno4uG+GMmIPLHzHxREzGBHNJdmAPx/i9F4BrLunMTA5a
mnkPIAou1Z5jJh5VkpTYghdae9C8x49OhgQ=
-----END CERTIFICATE-----
-----BEGIN CERTIFICATE-----
MIIFdDCCBFygAwIBAgIQJ2buVutJ846r13Ci/ITeIjANBgkqhkiG9w0BAQwFADBv
MQswCQYDVQQGEwJTRTEUMBIGA1UEChMLQWRkVHJ1c3QgQUIxJjAkBgNVBAsTHUFk
ZFRydXN0IEV4dGVybmFsIFRUUCBOZXR3b3JrMSIwIAYDVQQDExlBZGRUcnVzdCBF
eHRlcm5hbCBDQSBSb290MB4XDTAwMDUzMDEwNDgzOFoXDTIwMDUzMDEwNDgzOFow
gYUxCzAJBgNVBAYTAkdCMRswGQYDVQQIExJHcmVhdGVyIE1hbmNoZXN0ZXIxEDAO
BgNVBAcTB1NhbGZvcmQxGjAYBgNVBAoTEUNPTU9ETyBDQSBMaW1pdGVkMSswKQYD
VQQDEyJDT01PRE8gUlNBIENlcnRpZmljYXRpb24gQXV0aG9yaXR5MIICIjANBgkq
hkiG9w0BAQEFAAOCAg8AMIICCgKCAgEAkehUktIKVrGsDSTdxc9EZ3SZKzejfSNw
AHG8U9/E+ioSj0t/EFa9n3Byt2F/yUsPF6c947AEYe7/EZfH9IY+Cvo+XPmT5jR6
2RRr55yzhaCCenavcZDX7P0N+pxs+t+wgvQUfvm+xKYvT3+Zf7X8Z0NyvQwA1onr
ayzT7Y+YHBSrfuXjbvzYqOSSJNpDa2K4Vf3qwbxstovzDo2a5JtsaZn4eEgwRdWt
4Q08RWD8MpZRJ7xnw8outmvqRsfHIKCxH2XeSAi6pE6p8oNGN4Tr6MyBSENnTnIq
m1y9TBsoilwie7SrmNnu4FGDwwlGTm0+mfqVF9p8M1dBPI1R7Qu2XK8sYxrfV8g/
vOldxJuvRZnio1oktLqpVj3Pb6r/SVi+8Kj/9Lit6Tf7urj0Czr56ENCHonYhMsT
8dm74YlguIwoVqwUHZwK53Hrzw7dPamWoUi9PPevtQ0iTMARgexWO/bTouJbt7IE
IlKVgJNp6I5MZfGRAy1wdALqi2cVKWlSArvX31BqVUa/oKMoYX9w0MOiqiwhqkfO
KJwGRXa/ghgntNWutMtQ5mv0TIZxMOmm3xaG4Nj/QN370EKIf6MzOi5cHkERgWPO
GHFrK+ymircxXDpqR+DDeVnWIBqv8mqYqnK8V0rSS527EPywTEHl7R09XiidnMy/
s1Hap0flhFMCAwEAAaOB9DCB8TAfBgNVHSMEGDAWgBStvZh6NLQm9/rEJlTvA73g
JMtUGjAdBgNVHQ4EFgQUu69+Aj36pvE8hI6t7jiY7NkyMtQwDgYDVR0PAQH/BAQD
AgGGMA8GA1UdEwEB/wQFMAMBAf8wEQYDVR0gBAowCDAGBgRVHSAAMEQGA1UdHwQ9
MDswOaA3oDWGM2h0dHA6Ly9jcmwudXNlcnRydXN0LmNvbS9BZGRUcnVzdEV4dGVy
bmFsQ0FSb290LmNybDA1BggrBgEFBQcBAQQpMCcwJQYIKwYBBQUHMAGGGWh0dHA6
Ly9vY3NwLnVzZXJ0cnVzdC5jb20wDQYJKoZIhvcNAQEMBQADggEBAGS/g/FfmoXQ
zbihKVcN6Fr30ek+8nYEbvFScLsePP9NDXRqzIGCJdPDoCpdTPW6i6FtxFQJdcfj
Jw5dhHk3QBN39bSsHNA7qxcS1u80GH4r6XnTq1dFDK8o+tDb5VCViLvfhVdpfZLY
Uspzgb8c8+a4bmYRBbMelC1/kZWSWfFMzqORcUx8Rww7Cxn2obFshj5cqsQugsv5
B5a6SE2Q8pTIqXOi6wZ7I53eovNNVZ96YUWYGGjHXkBrI/V5eu+MtWuLt29G9Hvx
PUsE2JOAWVrgQSQdso8VYFhH2+9uRv0V9dlfmrPb2LjkQLPNlzmuhbsdjrzch5vR
pu/xO28QOG8=
-----END CERTIFICATE-----
-----BEGIN CERTIFICATE-----
MIIGDjCCA/agAwIBAgIQNoJef7WkgZN+9tFza7k8pjANBgkqhkiG9w0BAQwFADCB
hTELMAkGA1UEBhMCR0IxGzAZBgNVBAgTEkdyZWF0ZXIgTWFuY2hlc3RlcjEQMA4G
A1UEBxMHU2FsZm9yZDEaMBgGA1UEChMRQ09NT0RPIENBIExpbWl0ZWQxKzApBgNV
BAMTIkNPTU9ETyBSU0EgQ2VydGlmaWNhdGlvbiBBdXRob3JpdHkwHhcNMTQwMjEy
MDAwMDAwWhcNMjkwMjExMjM1OTU5WjCBljELMAkGA1UEBhMCR0IxGzAZBgNVBAgT
EkdyZWF0ZXIgTWFuY2hlc3RlcjEQMA4GA1UEBxMHU2FsZm9yZDEaMBgGA1UEChMR
Q09NT0RPIENBIExpbWl0ZWQxPDA6BgNVBAMTM0NPTU9ETyBSU0EgT3JnYW5pemF0
aW9uIFZhbGlkYXRpb24gU2VjdXJlIFNlcnZlciBDQTCCASIwDQYJKoZIhvcNAQEB
BQADggEPADCCAQoCggEBALkU2YXyQURX/zBEHtw8RKMXuG4B+KNfwqkhHc5Z9Ozz
iKkJMjyxi2OkPic284/5OGYuB5dBj0um3cNfnnM858ogDU98MgXPwS5IZUqF0B9W
MW2O5cYy1Bu8n32W/JjXT/j0WFb440W+kRiC5Iq+r81SN1GHTx6Xweg6rvn/RuRl
Pz/DR4MvzLhCXi1+91porl1LwKY1IfWGo8hJi5hjYA3JIUjCkjBlRrKGNQRCJX6t
p05LEkAAeohoXG+fo6R4ESGuPQsOvkUUI8/rddf2oPG8RWxevKEy7PNYeEIoCzoB
dvDFoJ7BaXDej0umed/ydrbjDxN8GDuxUWxqIDnOnmkCAwEAAaOCAWUwggFhMB8G
A1UdIwQYMBaAFLuvfgI9+qbxPISOre44mOzZMjLUMB0GA1UdDgQWBBSa8yvaz61P
ti+7KkhIKhK3G0LBJDAOBgNVHQ8BAf8EBAMCAYYwEgYDVR0TAQH/BAgwBgEB/wIB
ADAdBgNVHSUEFjAUBggrBgEFBQcDAQYIKwYBBQUHAwIwGwYDVR0gBBQwEjAGBgRV
HSAAMAgGBmeBDAECAjBMBgNVHR8ERTBDMEGgP6A9hjtodHRwOi8vY3JsLmNvbW9k
b2NhLmNvbS9DT01PRE9SU0FDZXJ0aWZpY2F0aW9uQXV0aG9yaXR5LmNybDBxBggr
BgEFBQcBAQRlMGMwOwYIKwYBBQUHMAKGL2h0dHA6Ly9jcnQuY29tb2RvY2EuY29t
L0NPTU9ET1JTQUFkZFRydXN0Q0EuY3J0MCQGCCsGAQUFBzABhhhodHRwOi8vb2Nz
cC5jb21vZG9jYS5jb20wDQYJKoZIhvcNAQEMBQADggIBAGmKNmiaHjtlC+B8z6ar
cTuvYaQ/5GQBSRDTHY/i1e1n055bl71CHgf50Ltt9zKVWiIpYvgMnFlWJzagIhIR
+kf0UclZeylKpUg1fMWXZuAnJTsVejJ1SpH7pmue4lP6DYwT+yO4CxIsru3bHUeQ
1dCTaXaROBU01xjqfrxrWN4qOZADRARKVtho5fV8aX6efVRL0NiGq2dmE1deiSoX
rS2uvUAOZu2K/1S0wQHLqeBHuhFhj62uI0gqxiV5iRxBBJXAEepXK9a0l/qx6RVi
7Epxd/3zoZza9msAKcUy5/pO6rMqpxiXHFinQjZf7BTP+HsO993MiBWamlzI8SDH
0YZyoRebrrr+bKgy0QB2SXP3PyeHPLbJLfqqkJDJCgmfyWkfBxmpv966+AuIgkQW
EH8HwIAiX3+8MN66zQd5ZFbY//NPnDC7bh5RS+bNvRfExb/IP46xH4pGtwZDb2It
z1GdRcqK6ROLwMeRvlu2+jdKif7wndoTJiIsBpA+ixOYoBnW3dpKSH89D4mdJHJL
DntE/9Q2toN2I1iLFGy4XfdhbTl27d0SPWuHiJeRvsBGAh52HN22r1xP9QDWnE2p
4J6ijvyxFnlcIdNFgZoMOWxtKNcl0rcRkND23m9e9Pqki2Z3ci+bkEAsUhJg+f+1
cC6JmnkJiYEt7Fx4b4GH8fxV
-----END CERTIFICATE-----
-----BEGIN CERTIFICATE-----
MIIFyDCCBLCgAwIBAgIQY/P9OYAmzcrFZ+6vqK4jejANBgkqhkiG9w0BAQsFADCB
ljELMAkGA1UEBhMCR0IxGzAZBgNVBAgTEkdyZWF0ZXIgTWFuY2hlc3RlcjEQMA4G
A1UEBxMHU2FsZm9yZDEaMBgGA1UEChMRQ09NT0RPIENBIExpbWl0ZWQxPDA6BgNV
BAMTM0NPTU9ETyBSU0EgT3JnYW5pemF0aW9uIFZhbGlkYXRpb24gU2VjdXJlIFNl
cnZlciBDQTAeFw0xNjA5MTQwMDAwMDBaFw0xNzA5MTQyMzU5NTlaMIG+MQswCQYD
VQQGEwJVUzERMA8GA1UECBMISWxsaW5vaXMxGDAWBgNVBAcTD0hvZmZtYW4gRXN0
YXRlczEZMBcGA1UEChMQU2VhcnMgQnJhbmRzIExMQzEtMCsGA1UECxMkMzc5Njkg
LSBPZmZlciBSZWNvbW1lbmRhdGlvbiBTZXJ2aWNlMREwDwYDVQQLEwhFbGl0ZVNT
TDElMCMGA1UEAxMcb2ZmZXIucmVjLnN5cy5xYS5zZWFyc2hjLmNvbTCCASIwDQYJ
KoZIhvcNAQEBBQADggEPADCCAQoCggEBAJLOzBeI5DVwCBSJU3ezOM96VO8ffTJc
9K5J/isOBoHIPLkhk3KCJcSaAhAReYwZrnK7dvf24w3ZRh16H0s7tGOCPSycr3Yw
uqAJMoA7CW23U+g7yTxWLVGx9ksnis55RY2DoKFideYZq/JXiwo/2lN5iRYZYDJV
G44kiCNo4iaNISGsgNwcJ7i2PpMK9QRtApK2BEvF72SMC6r07GmqIrq36+b0eu/0
1zmwrZVehVY3f7fIhKha63NqZex8C8R2cbQM1yxGfON9FgU/PPrV6ndJvqnZe02e
0RQJFe470Rg6qBTybYuTXubVH58pkREi6C+LBKHhZnJZJiNhoEiRcv0CAwEAAaOC
AeYwggHiMB8GA1UdIwQYMBaAFJrzK9rPrU+2L7sqSEgqErcbQsEkMB0GA1UdDgQW
BBTXS27aa7uUd6Afbb4n2JehRPmboTAOBgNVHQ8BAf8EBAMCBaAwDAYDVR0TAQH/
BAIwADAdBgNVHSUEFjAUBggrBgEFBQcDAQYIKwYBBQUHAwIwUAYDVR0gBEkwRzA7
BgwrBgEEAbIxAQIBAwQwKzApBggrBgEFBQcCARYdaHR0cHM6Ly9zZWN1cmUuY29t
b2RvLmNvbS9DUFMwCAYGZ4EMAQICMFoGA1UdHwRTMFEwT6BNoEuGSWh0dHA6Ly9j
cmwuY29tb2RvY2EuY29tL0NPTU9ET1JTQU9yZ2FuaXphdGlvblZhbGlkYXRpb25T
ZWN1cmVTZXJ2ZXJDQS5jcmwwgYsGCCsGAQUFBwEBBH8wfTBVBggrBgEFBQcwAoZJ
aHR0cDovL2NydC5jb21vZG9jYS5jb20vQ09NT0RPUlNBT3JnYW5pemF0aW9uVmFs
aWRhdGlvblNlY3VyZVNlcnZlckNBLmNydDAkBggrBgEFBQcwAYYYaHR0cDovL29j
c3AuY29tb2RvY2EuY29tMCcGA1UdEQQgMB6CHG9mZmVyLnJlYy5zeXMucWEuc2Vh
cnNoYy5jb20wDQYJKoZIhvcNAQELBQADggEBALM2mfUthixSiKOsgeAL4lNbRjAZ
KMaUxeZMPHpk7D/g9u/goctoTfB4bvmA0fmmxYzGmUck8B/ti7lvIfXWcbWB/6mt
G4lJFZUMxuCthsodOYNloiO9a4P+XKt0qSCY38jsaOF0rR4M4Z8hXJRQNBD6Tcso
EViaZDmHuHE/NIYKKlyXnvuVNwDUq9+DIMRPJJnzXIWh6803GN5+tjyJsfVgWXOT
1M0abu8CngySm82PeimuUozUeoXgWuivbGKcpH6yGFQJ/afFgvYnn7mOY9/TKYJg
dX4paRQvMpjyA7arK1/lJ0gkj+ahNegCJ9GtJvLLWVmTV0s5OXxvz9xdx0o=
-----END CERTIFICATE-----

RenewID :qQAPjUUQMyqyKnqgLa41
createRenewalIdPropertyFile - Ends
createRenewalIdPropertyFile - Ends
collectCert - Ends
Certificate has been downloded
importCertificateToKeyStore - Starts
executeOSCommand - Starts
keytool -import -noprompt -alias offer_rec_sys_qa.searshc.com_crt -trustcacerts -file /home/auto/vmathu0/qa/ComodoSDK/certs/OFFER_REC_SYS_QA_Signed_Public.cer -keystore /home/auto/vmathu0/qa/ComodoSDK/certs/OFFER_REC_SYS_QA_keyStore.jks -keypass T0ZGRVJf -storepass T0ZGRVJf -storetype JKS
executeOSCommand - Ends
importCertificateToKeyStore - Ends
importCertificateToKeyStore - Starts
executeOSCommand - Starts
keytool -import -noprompt -alias offer_rec_sys_qa.searshc.com -trustcacerts -file /home/auto/vmathu0/qa/ComodoSDK/certs/OFFER_REC_SYS_QA_Signed_Public.cer -keystore /home/auto/vmathu0/qa/ComodoSDK/certs/OFFER_REC_SYS_QA_keyStore.jks -keypass T0ZGRVJf -storepass T0ZGRVJf -storetype JKS
executeOSCommand - Ends
importCertificateToKeyStore - Ends
reverseCertificateChain - Starts
reverseCertificateChain -- Ends
registerPublicKeyToOAuthServer - Starts
"clientName":"{0}","clientEmail":"{1}","clientId":"{2}","phoneNumber":"{3}","password":"{4}","publicKey":"{5}"
getFileContentForOAuthRegistration - Starts
-----BEGIN CERTIFICATE-----\nMIIFyDCCBLCgAwIBAgIQY/P9OYAmzcrFZ+6vqK4jejANBgkqhkiG9w0BAQsFADCB\nljELMAkGA1UEBhMCR0IxGzAZBgNVBAgTEkdyZWF0ZXIgTWFuY2hlc3RlcjEQMA4G\nA1UEBxMHU2FsZm9yZDEaMBgGA1UEChMRQ09NT0RPIENBIExpbWl0ZWQxPDA6BgNV\nBAMTM0NPTU9ETyBSU0EgT3JnYW5pemF0aW9uIFZhbGlkYXRpb24gU2VjdXJlIFNl\ncnZlciBDQTAeFw0xNjA5MTQwMDAwMDBaFw0xNzA5MTQyMzU5NTlaMIG+MQswCQYD\nVQQGEwJVUzERMA8GA1UECBMISWxsaW5vaXMxGDAWBgNVBAcTD0hvZmZtYW4gRXN0\nYXRlczEZMBcGA1UEChMQU2VhcnMgQnJhbmRzIExMQzEtMCsGA1UECxMkMzc5Njkg\nLSBPZmZlciBSZWNvbW1lbmRhdGlvbiBTZXJ2aWNlMREwDwYDVQQLEwhFbGl0ZVNT\nTDElMCMGA1UEAxMcb2ZmZXIucmVjLnN5cy5xYS5zZWFyc2hjLmNvbTCCASIwDQYJ\nKoZIhvcNAQEBBQADggEPADCCAQoCggEBAJLOzBeI5DVwCBSJU3ezOM96VO8ffTJc\n9K5J/isOBoHIPLkhk3KCJcSaAhAReYwZrnK7dvf24w3ZRh16H0s7tGOCPSycr3Yw\nuqAJMoA7CW23U+g7yTxWLVGx9ksnis55RY2DoKFideYZq/JXiwo/2lN5iRYZYDJV\nG44kiCNo4iaNISGsgNwcJ7i2PpMK9QRtApK2BEvF72SMC6r07GmqIrq36+b0eu/0\n1zmwrZVehVY3f7fIhKha63NqZex8C8R2cbQM1yxGfON9FgU/PPrV6ndJvqnZe02e\n0RQJFe470Rg6qBTybYuTXubVH58pkREi6C+LBKHhZnJZJiNhoEiRcv0CAwEAAaOC\nAeYwggHiMB8GA1UdIwQYMBaAFJrzK9rPrU+2L7sqSEgqErcbQsEkMB0GA1UdDgQW\nBBTXS27aa7uUd6Afbb4n2JehRPmboTAOBgNVHQ8BAf8EBAMCBaAwDAYDVR0TAQH/\nBAIwADAdBgNVHSUEFjAUBggrBgEFBQcDAQYIKwYBBQUHAwIwUAYDVR0gBEkwRzA7\nBgwrBgEEAbIxAQIBAwQwKzApBggrBgEFBQcCARYdaHR0cHM6Ly9zZWN1cmUuY29t\nb2RvLmNvbS9DUFMwCAYGZ4EMAQICMFoGA1UdHwRTMFEwT6BNoEuGSWh0dHA6Ly9j\ncmwuY29tb2RvY2EuY29tL0NPTU9ET1JTQU9yZ2FuaXphdGlvblZhbGlkYXRpb25T\nZWN1cmVTZXJ2ZXJDQS5jcmwwgYsGCCsGAQUFBwEBBH8wfTBVBggrBgEFBQcwAoZJ\naHR0cDovL2NydC5jb21vZG9jYS5jb20vQ09NT0RPUlNBT3JnYW5pemF0aW9uVmFs\naWRhdGlvblNlY3VyZVNlcnZlckNBLmNydDAkBggrBgEFBQcwAYYYaHR0cDovL29j\nc3AuY29tb2RvY2EuY29tMCcGA1UdEQQgMB6CHG9mZmVyLnJlYy5zeXMucWEuc2Vh\ncnNoYy5jb20wDQYJKoZIhvcNAQELBQADggEBALM2mfUthixSiKOsgeAL4lNbRjAZ\nKMaUxeZMPHpk7D/g9u/goctoTfB4bvmA0fmmxYzGmUck8B/ti7lvIfXWcbWB/6mt\nG4lJFZUMxuCthsodOYNloiO9a4P+XKt0qSCY38jsaOF0rR4M4Z8hXJRQNBD6Tcso\nEViaZDmHuHE/NIYKKlyXnvuVNwDUq9+DIMRPJJnzXIWh6803GN5+tjyJsfVgWXOT\n1M0abu8CngySm82PeimuUozUeoXgWuivbGKcpH6yGFQJ/afFgvYnn7mOY9/TKYJg\ndX4paRQvMpjyA7arK1/lJ0gkj+ahNegCJ9GtJvLLWVmTV0s5OXxvz9xdx0o=\n-----END CERTIFICATE-----\n
getFileContentForOAuthRegistration -- Ends
httpPost - Starts
HTTP URL :https://oauthui-qa.searshc.com/oauthUI/register/registerClient
ContentType :application/json;charset=utf-8
HeaderType :null
HeaderValue :null
Post Content :{"clientName":"OFFER REC SYS QA","clientEmail":"ORSTeam@Searshc.com","clientId":"OFFER_REC_SYS_QA","phoneNumber":"8472865348","password":"T0ZGRVJf","publicKey":"-----BEGIN CERTIFICATE-----\nMIIFyDCCBLCgAwIBAgIQY/P9OYAmzcrFZ+6vqK4jejANBgkqhkiG9w0BAQsFADCB\nljELMAkGA1UEBhMCR0IxGzAZBgNVBAgTEkdyZWF0ZXIgTWFuY2hlc3RlcjEQMA4G\nA1UEBxMHU2FsZm9yZDEaMBgGA1UEChMRQ09NT0RPIENBIExpbWl0ZWQxPDA6BgNV\nBAMTM0NPTU9ETyBSU0EgT3JnYW5pemF0aW9uIFZhbGlkYXRpb24gU2VjdXJlIFNl\ncnZlciBDQTAeFw0xNjA5MTQwMDAwMDBaFw0xNzA5MTQyMzU5NTlaMIG+MQswCQYD\nVQQGEwJVUzERMA8GA1UECBMISWxsaW5vaXMxGDAWBgNVBAcTD0hvZmZtYW4gRXN0\nYXRlczEZMBcGA1UEChMQU2VhcnMgQnJhbmRzIExMQzEtMCsGA1UECxMkMzc5Njkg\nLSBPZmZlciBSZWNvbW1lbmRhdGlvbiBTZXJ2aWNlMREwDwYDVQQLEwhFbGl0ZVNT\nTDElMCMGA1UEAxMcb2ZmZXIucmVjLnN5cy5xYS5zZWFyc2hjLmNvbTCCASIwDQYJ\nKoZIhvcNAQEBBQADggEPADCCAQoCggEBAJLOzBeI5DVwCBSJU3ezOM96VO8ffTJc\n9K5J/isOBoHIPLkhk3KCJcSaAhAReYwZrnK7dvf24w3ZRh16H0s7tGOCPSycr3Yw\nuqAJMoA7CW23U+g7yTxWLVGx9ksnis55RY2DoKFideYZq/JXiwo/2lN5iRYZYDJV\nG44kiCNo4iaNISGsgNwcJ7i2PpMK9QRtApK2BEvF72SMC6r07GmqIrq36+b0eu/0\n1zmwrZVehVY3f7fIhKha63NqZex8C8R2cbQM1yxGfON9FgU/PPrV6ndJvqnZe02e\n0RQJFe470Rg6qBTybYuTXubVH58pkREi6C+LBKHhZnJZJiNhoEiRcv0CAwEAAaOC\nAeYwggHiMB8GA1UdIwQYMBaAFJrzK9rPrU+2L7sqSEgqErcbQsEkMB0GA1UdDgQW\nBBTXS27aa7uUd6Afbb4n2JehRPmboTAOBgNVHQ8BAf8EBAMCBaAwDAYDVR0TAQH/\nBAIwADAdBgNVHSUEFjAUBggrBgEFBQcDAQYIKwYBBQUHAwIwUAYDVR0gBEkwRzA7\nBgwrBgEEAbIxAQIBAwQwKzApBggrBgEFBQcCARYdaHR0cHM6Ly9zZWN1cmUuY29t\nb2RvLmNvbS9DUFMwCAYGZ4EMAQICMFoGA1UdHwRTMFEwT6BNoEuGSWh0dHA6Ly9j\ncmwuY29tb2RvY2EuY29tL0NPTU9ET1JTQU9yZ2FuaXphdGlvblZhbGlkYXRpb25T\nZWN1cmVTZXJ2ZXJDQS5jcmwwgYsGCCsGAQUFBwEBBH8wfTBVBggrBgEFBQcwAoZJ\naHR0cDovL2NydC5jb21vZG9jYS5jb20vQ09NT0RPUlNBT3JnYW5pemF0aW9uVmFs\naWRhdGlvblNlY3VyZVNlcnZlckNBLmNydDAkBggrBgEFBQcwAYYYaHR0cDovL29j\nc3AuY29tb2RvY2EuY29tMCcGA1UdEQQgMB6CHG9mZmVyLnJlYy5zeXMucWEuc2Vh\ncnNoYy5jb20wDQYJKoZIhvcNAQELBQADggEBALM2mfUthixSiKOsgeAL4lNbRjAZ\nKMaUxeZMPHpk7D/g9u/goctoTfB4bvmA0fmmxYzGmUck8B/ti7lvIfXWcbWB/6mt\nG4lJFZUMxuCthsodOYNloiO9a4P+XKt0qSCY38jsaOF0rR4M4Z8hXJRQNBD6Tcso\nEViaZDmHuHE/NIYKKlyXnvuVNwDUq9+DIMRPJJnzXIWh6803GN5+tjyJsfVgWXOT\n1M0abu8CngySm82PeimuUozUeoXgWuivbGKcpH6yGFQJ/afFgvYnn7mOY9/TKYJg\ndX4paRQvMpjyA7arK1/lJ0gkj+ahNegCJ9GtJvLLWVmTV0s5OXxvz9xdx0o=\n-----END CERTIFICATE-----\n"}
Adding delay before making HTTP call - Starts
Adding delay before making HTTP call - Ends
Going wiht default CipherSocketFactory
Response = <!DOCTYPE HTML PUBLIC "-//IETF//DTD HTML 2.0//EN">
<html><head>
<title>502 Proxy Error</title>
</head><body>
<h1>Proxy Error</h1>
<p>The proxy server received an invalid
response from an upstream server.<br />
The proxy server could not handle the request <em><a href="/oauthUI/register/registerClient">POST&nbsp;/oauthUI/register/registerClient</a></em>.<p>
Reason: <strong>Error reading from remote server</strong></p></p>
</body></html>

httpPost - Ends
registerPublicKeyToOAuthServer - Ends
downloadCertificateAndRegister - Ends
doAll - Ends
